start
n_lst:  [4, 8, 16, 32, 64, 128, 256, 512]
n:  4
quantity 1 0.629980059045
quantity 2 140.651323237
quantity 3 99869167808.0
quantity 4 3.50011998018e+101
n:  8
quantity 1 0.469668446739
quantity 2 330.584236202
quantity 3 79847173.7196
quantity 4 3.5095780419e+25
n:  16
quantity 1 0.260400224268
quantity 2 112.081838538
quantity 3 24126204.4875
quantity 4 1.79335740966e+16
n:  32
quantity 1 0.132517212749
quantity 2 0.427513931018
quantity 3 149681.09246
quantity 4 697757647263.0
n:  64
quantity 1 0.0846790087283
quantity 2 0.884321114171
quantity 3 719901.120009
quantity 4 275647367.016
n:  128
quantity 1 0.0640661415314
quantity 2 0.219801828055
quantity 3 6026.92951464
quantity 4 580620.83593
n:  256
quantity 1 0.0500567729293
quantity 2 0.000797187825229
quantity 3 1788.77515044
quantity 4 5536.50489794
n:  512
quantity 1 0.0381030180861
quantity 2 6.60760902445e-05
quantity 3 243.259775491
quantity 4 189.104715209
