start
n_lst:  [4, 8, 16, 32, 64, 128, 256, 512]
n:  4
quantity 1 0.387256202827
quantity 2 41.1627769101
quantity 3 1949029116.36
quantity 3 prime 22.520262734
quantity 4 4.46430687152e+107
n:  8
quantity 1 0.227401227023
quantity 2 2173.26443422
quantity 3 2282894199.21
quantity 3 prime 18.3559829486
quantity 4 8.48108136567e+21
n:  16
quantity 1 0.106614981655
quantity 2 132.180059324
quantity 3 55829109.162
quantity 3 prime 8.61099700354
quantity 4 2.90013933642e+14
n:  32
quantity 1 0.0545179941252
quantity 2 1.76191560893
quantity 3 336218.988188
quantity 3 prime 3.92937726506
quantity 4 26766458822.1
n:  64
quantity 1 0.0409539463495
quantity 2 0.00813635544591
quantity 3 10423.2584662
quantity 3 prime 2.25408421993
quantity 4 2450838.54359
n:  128
quantity 1 0.0320718201299
quantity 2 0.000995559770698
quantity 3 4018.72426971
quantity 3 prime 1.33744105101
quantity 4 9576.55566097
n:  256
quantity 1 0.0217786000591
quantity 2 1.0437095428e-05
quantity 3 560.226227122
quantity 3 prime 0.684000772605
quantity 4 172.643450139
n:  512
quantity 1 0.0139783156166
quantity 2 9.56646114771e-07
quantity 3 9.9595389118
quantity 3 prime 0.295934679196
quantity 4 16.9213011398
